<?xml version="1.0" encoding="UTF-8"?>
<coverage generated="1741018460009" clover="3.2.0">
  <project timestamp="1741018460009" name="All files">
    <metrics statements="225" coveredstatements="65" conditionals="189" coveredconditionals="36" methods="47" coveredmethods="12" elements="461" coveredelements="113" complexity="0" loc="225" ncloc="225" packages="1" files="4" classes="4"/>
    <file name="base_extractor.js" path="/Users/franzhartl/yale-executive-orders/extraction/extractors/base_extractor.js">
      <metrics statements="36" coveredstatements="2" conditionals="21" coveredconditionals="0" methods="9" coveredmethods="1"/>
      <line num="14" count="8" type="stmt"/>
      <line num="25" count="0" type="stmt"/>
      <line num="35" count="0" type="cond" truecount="0" falsecount="2"/>
      <line num="38" count="0" type="stmt"/>
      <line num="41" count="0" type="stmt"/>
      <line num="52" count="0" type="stmt"/>
      <line num="53" count="0" type="stmt"/>
      <line num="56" count="0" type="stmt"/>
      <line num="69" count="0" type="stmt"/>
      <line num="70" count="0" type="stmt"/>
      <line num="71" count="0" type="cond" truecount="0" falsecount="2"/>
      <line num="72" count="0" type="cond" truecount="0" falsecount="2"/>
      <line num="75" count="0" type="stmt"/>
      <line num="78" count="0" type="cond" truecount="0" falsecount="2"/>
      <line num="79" count="0" type="stmt"/>
      <line num="82" count="0" type="cond" truecount="0" falsecount="2"/>
      <line num="83" count="0" type="stmt"/>
      <line num="87" count="0" type="stmt"/>
      <line num="98" count="0" type="cond" truecount="0" falsecount="2"/>
      <line num="101" count="0" type="stmt"/>
      <line num="104" count="0" type="stmt"/>
      <line num="105" count="0" type="stmt"/>
      <line num="106" count="0" type="stmt"/>
      <line num="117" count="0" type="cond" truecount="0" falsecount="2"/>
      <line num="119" count="0" type="stmt"/>
      <line num="134" count="0" type="cond" truecount="0" falsecount="5"/>
      <line num="136" count="0" type="stmt"/>
      <line num="137" count="0" type="stmt"/>
      <line num="139" count="0" type="stmt"/>
      <line num="140" count="0" type="stmt"/>
      <line num="141" count="0" type="stmt"/>
      <line num="143" count="0" type="stmt"/>
      <line num="144" count="0" type="stmt"/>
      <line num="153" count="0" type="stmt"/>
      <line num="157" count="0" type="stmt"/>
      <line num="161" count="1" type="stmt"/>
    </file>
    <file name="date_extractor.js" path="/Users/franzhartl/yale-executive-orders/extraction/extractors/date_extractor.js">
      <metrics statements="94" coveredstatements="63" conditionals="64" coveredconditionals="36" methods="13" coveredmethods="11"/>
      <line num="13" count="1" type="stmt"/>
      <line num="17" count="8" type="stmt"/>
      <line num="18" count="8" type="stmt"/>
      <line num="24" count="8" type="stmt"/>
      <line num="42" count="8" type="stmt"/>
      <line num="48" count="8" type="cond" truecount="3" falsecount="1"/>
      <line num="49" count="0" type="stmt"/>
      <line num="53" count="8" type="stmt"/>
      <line num="56" count="8" type="stmt"/>
      <line num="59" count="8" type="stmt"/>
      <line num="62" count="8" type="stmt"/>
      <line num="65" count="8" type="stmt"/>
      <line num="68" count="8" type="stmt"/>
      <line num="71" count="8" type="cond" truecount="2" falsecount="0"/>
      <line num="72" count="12" type="stmt"/>
      <line num="75" count="8" type="stmt"/>
      <line num="87" count="8" type="cond" truecount="2" falsecount="0"/>
      <line num="88" count="2" type="stmt"/>
      <line num="95" count="2" type="stmt"/>
      <line num="98" count="6" type="cond" truecount="2" falsecount="0"/>
      <line num="99" count="1" type="stmt"/>
      <line num="106" count="1" type="stmt"/>
      <line num="110" count="5" type="cond" truecount="2" falsecount="0"/>
      <line num="112" count="5" type="stmt"/>
      <line num="113" count="0" type="stmt"/>
      <line num="114" count="0" type="cond" truecount="0" falsecount="2"/>
      <line num="115" count="0" type="stmt"/>
      <line num="116" count="0" type="stmt"/>
      <line num="118" count="0" type="cond" truecount="0" falsecount="2"/>
      <line num="119" count="0" type="stmt"/>
      <line num="140" count="8" type="cond" truecount="2" falsecount="0"/>
      <line num="141" count="1" type="stmt"/>
      <line num="148" count="1" type="stmt"/>
      <line num="151" count="7" type="cond" truecount="2" falsecount="0"/>
      <line num="152" count="1" type="stmt"/>
      <line num="159" count="1" type="stmt"/>
      <line num="163" count="6" type="cond" truecount="2" falsecount="0"/>
      <line num="165" count="6" type="stmt"/>
      <line num="166" count="0" type="stmt"/>
      <line num="167" count="0" type="cond" truecount="0" falsecount="2"/>
      <line num="168" count="0" type="stmt"/>
      <line num="169" count="0" type="stmt"/>
      <line num="171" count="0" type="cond" truecount="0" falsecount="2"/>
      <line num="172" count="0" type="stmt"/>
      <line num="192" count="8" type="cond" truecount="2" falsecount="0"/>
      <line num="194" count="8" type="stmt"/>
      <line num="195" count="1" type="stmt"/>
      <line num="196" count="1" type="cond" truecount="1" falsecount="1"/>
      <line num="197" count="1" type="stmt"/>
      <line num="198" count="1" type="stmt"/>
      <line num="199" count="1" type="stmt"/>
      <line num="200" count="1" type="stmt"/>
      <line num="202" count="1" type="cond" truecount="3" falsecount="1"/>
      <line num="203" count="1" type="stmt"/>
      <line num="224" count="8" type="cond" truecount="2" falsecount="0"/>
      <line num="226" count="8" type="stmt"/>
      <line num="227" count="2" type="stmt"/>
      <line num="228" count="2" type="cond" truecount="1" falsecount="1"/>
      <line num="229" count="2" type="cond" truecount="1" falsecount="1"/>
      <line num="230" count="2" type="cond" truecount="1" falsecount="1"/>
      <line num="232" count="2" type="stmt"/>
      <line num="252" count="8" type="cond" truecount="2" falsecount="0"/>
      <line num="254" count="8" type="stmt"/>
      <line num="255" count="3" type="stmt"/>
      <line num="256" count="3" type="cond" truecount="1" falsecount="1"/>
      <line num="257" count="3" type="stmt"/>
      <line num="259" count="3" type="stmt"/>
      <line num="278" count="8" type="cond" truecount="2" falsecount="0"/>
      <line num="280" count="8" type="stmt"/>
      <line num="281" count="1" type="stmt"/>
      <line num="298" count="2" type="stmt"/>
      <line num="300" count="2" type="stmt"/>
      <line num="301" count="2" type="cond" truecount="1" falsecount="1"/>
      <line num="302" count="2" type="stmt"/>
      <line num="306" count="0" type="stmt"/>
      <line num="315" count="0" type="stmt"/>
      <line num="316" count="0" type="stmt"/>
      <line num="317" count="0" type="cond" truecount="0" falsecount="2"/>
      <line num="318" count="0" type="cond" truecount="0" falsecount="2"/>
      <line num="320" count="0" type="stmt"/>
      <line num="321" count="0" type="cond" truecount="0" falsecount="2"/>
      <line num="323" count="0" type="stmt"/>
      <line num="324" count="0" type="stmt"/>
      <line num="325" count="0" type="cond" truecount="0" falsecount="2"/>
      <line num="326" count="0" type="stmt"/>
      <line num="328" count="0" type="cond" truecount="0" falsecount="2"/>
      <line num="330" count="0" type="stmt"/>
      <line num="331" count="0" type="stmt"/>
      <line num="332" count="0" type="cond" truecount="0" falsecount="2"/>
      <line num="333" count="0" type="stmt"/>
      <line num="339" count="0" type="stmt"/>
      <line num="341" count="0" type="stmt"/>
      <line num="353" count="2" type="stmt"/>
      <line num="357" count="1" type="stmt"/>
    </file>
    <file name="impact_extractor.js" path="/Users/franzhartl/yale-executive-orders/extraction/extractors/impact_extractor.js">
      <metrics statements="48" coveredstatements="0" conditionals="52" coveredconditionals="0" methods="12" coveredmethods="0"/>
      <line num="8" count="0" type="stmt"/>
      <line num="9" count="0" type="stmt"/>
      <line num="10" count="0" type="stmt"/>
      <line num="11" count="0" type="stmt"/>
      <line num="22" count="0" type="stmt"/>
      <line num="41" count="0" type="stmt"/>
      <line num="44" count="0" type="cond" truecount="0" falsecount="2"/>
      <line num="45" count="0" type="cond" truecount="0" falsecount="2"/>
      <line num="48" count="0" type="cond" truecount="0" falsecount="2"/>
      <line num="51" count="0" type="stmt"/>
      <line num="54" count="0" type="stmt"/>
      <line num="60" count="0" type="stmt"/>
      <line num="63" count="0" type="cond" truecount="0" falsecount="2"/>
      <line num="64" count="0" type="cond" truecount="0" falsecount="2"/>
      <line num="67" count="0" type="cond" truecount="0" falsecount="2"/>
      <line num="69" count="0" type="stmt"/>
      <line num="82" count="0" type="stmt"/>
      <line num="84" count="0" type="cond" truecount="0" falsecount="2"/>
      <line num="85" count="0" type="stmt"/>
      <line num="88" count="0" type="stmt"/>
      <line num="150" count="0" type="stmt"/>
      <line num="172" count="0" type="stmt"/>
      <line num="174" count="0" type="stmt"/>
      <line num="177" count="0" type="stmt"/>
      <line num="191" count="0" type="stmt"/>
      <line num="202" count="0" type="cond" truecount="0" falsecount="5"/>
      <line num="203" count="0" type="stmt"/>
      <line num="207" count="0" type="cond" truecount="0" falsecount="2"/>
      <line num="208" count="0" type="stmt"/>
      <line num="211" count="0" type="stmt"/>
      <line num="212" count="0" type="stmt"/>
      <line num="215" count="0" type="stmt"/>
      <line num="216" count="0" type="stmt"/>
      <line num="219" count="0" type="stmt"/>
      <line num="220" count="0" type="stmt"/>
      <line num="223" count="0" type="stmt"/>
      <line num="225" count="0" type="cond" truecount="0" falsecount="2"/>
      <line num="226" count="0" type="stmt"/>
      <line num="229" count="0" type="cond" truecount="0" falsecount="2"/>
      <line num="230" count="0" type="stmt"/>
      <line num="233" count="0" type="cond" truecount="0" falsecount="2"/>
      <line num="234" count="0" type="stmt"/>
      <line num="238" count="0" type="cond" truecount="0" falsecount="2"/>
      <line num="239" count="0" type="stmt"/>
      <line num="240" count="0" type="cond" truecount="0" falsecount="2"/>
      <line num="241" count="0" type="stmt"/>
      <line num="244" count="0" type="stmt"/>
      <line num="248" count="0" type="stmt"/>
    </file>
    <file name="requirement_extractor.js" path="/Users/franzhartl/yale-executive-orders/extraction/extractors/requirement_extractor.js">
      <metrics statements="47" coveredstatements="0" conditionals="52" coveredconditionals="0" methods="13" coveredmethods="0"/>
      <line num="8" count="0" type="stmt"/>
      <line num="9" count="0" type="stmt"/>
      <line num="10" count="0" type="stmt"/>
      <line num="11" count="0" type="stmt"/>
      <line num="22" count="0" type="stmt"/>
      <line num="41" count="0" type="stmt"/>
      <line num="44" count="0" type="cond" truecount="0" falsecount="2"/>
      <line num="45" count="0" type="cond" truecount="0" falsecount="2"/>
      <line num="48" count="0" type="stmt"/>
      <line num="51" count="0" type="stmt"/>
      <line num="57" count="0" type="stmt"/>
      <line num="60" count="0" type="cond" truecount="0" falsecount="2"/>
      <line num="63" count="0" type="cond" truecount="0" falsecount="2"/>
      <line num="65" count="0" type="stmt"/>
      <line num="77" count="0" type="stmt"/>
      <line num="134" count="0" type="stmt"/>
      <line num="158" count="0" type="stmt"/>
      <line num="159" count="0" type="stmt"/>
      <line num="166" count="0" type="stmt"/>
      <line num="168" count="0" type="stmt"/>
      <line num="170" count="0" type="cond" truecount="0" falsecount="2"/>
      <line num="172" count="0" type="stmt"/>
      <line num="173" count="0" type="cond" truecount="0" falsecount="3"/>
      <line num="177" count="0" type="cond" truecount="0" falsecount="2"/>
      <line num="178" count="0" type="stmt"/>
      <line num="183" count="0" type="stmt"/>
      <line num="198" count="0" type="stmt"/>
      <line num="209" count="0" type="cond" truecount="0" falsecount="5"/>
      <line num="210" count="0" type="stmt"/>
      <line num="214" count="0" type="cond" truecount="0" falsecount="2"/>
      <line num="215" count="0" type="stmt"/>
      <line num="218" count="0" type="stmt"/>
      <line num="219" count="0" type="stmt"/>
      <line num="222" count="0" type="stmt"/>
      <line num="223" count="0" type="cond" truecount="0" falsecount="2"/>
      <line num="224" count="0" type="stmt"/>
      <line num="227" count="0" type="stmt"/>
      <line num="229" count="0" type="cond" truecount="0" falsecount="2"/>
      <line num="230" count="0" type="stmt"/>
      <line num="233" count="0" type="cond" truecount="0" falsecount="2"/>
      <line num="234" count="0" type="stmt"/>
      <line num="238" count="0" type="cond" truecount="0" falsecount="2"/>
      <line num="239" count="0" type="stmt"/>
      <line num="240" count="0" type="cond" truecount="0" falsecount="2"/>
      <line num="241" count="0" type="stmt"/>
      <line num="244" count="0" type="stmt"/>
      <line num="248" count="0" type="stmt"/>
    </file>
  </project>
</coverage>
