{"/Users/franzhartl/yale-executive-orders/extraction/extractors/base_extractor.js": {"path":"/Users/franzhartl/yale-executive-orders/extraction/extractors/base_extractor.js","statementMap":{"0":{"start":{"line":14,"column":4},"end":{"line":14,"column":21}},"1":{"start":{"line":25,"column":4},"end":{"line":25,"column":70}},"2":{"start":{"line":35,"column":4},"end":{"line":35,"column":25}},"3":{"start":{"line":35,"column":15},"end":{"line":35,"column":25}},"4":{"start":{"line":38,"column":22},"end":{"line":38,"column":47}},"5":{"start":{"line":41,"column":26},"end":{"line":50,"column":5}},"6":{"start":{"line":52,"column":4},"end":{"line":54,"column":5}},"7":{"start":{"line":53,"column":6},"end":{"line":53,"column":91}},"8":{"start":{"line":56,"column":4},"end":{"line":56,"column":30}},"9":{"start":{"line":69,"column":23},"end":{"line":69,"column":26}},"10":{"start":{"line":70,"column":33},"end":{"line":70,"column":68}},"11":{"start":{"line":71,"column":31},"end":{"line":71,"column":56}},"12":{"start":{"line":72,"column":26},"end":{"line":72,"column":46}},"13":{"start":{"line":75,"column":16},"end":{"line":75,"column":86}},"14":{"start":{"line":78,"column":4},"end":{"line":80,"column":5}},"15":{"start":{"line":79,"column":6},"end":{"line":79,"column":33}},"16":{"start":{"line":82,"column":4},"end":{"line":84,"column":5}},"17":{"start":{"line":83,"column":6},"end":{"line":83,"column":33}},"18":{"start":{"line":87,"column":4},"end":{"line":87,"column":43}},"19":{"start":{"line":98,"column":4},"end":{"line":98,"column":25}},"20":{"start":{"line":98,"column":15},"end":{"line":98,"column":25}},"21":{"start":{"line":101,"column":22},"end":{"line":101,"column":49}},"22":{"start":{"line":104,"column":4},"end":{"line":107,"column":7}},"23":{"start":{"line":105,"column":28},"end":{"line":105,"column":50}},"24":{"start":{"line":106,"column":6},"end":{"line":106,"column":85}},"25":{"start":{"line":106,"column":38},"end":{"line":106,"column":83}},"26":{"start":{"line":117,"column":4},"end":{"line":117,"column":25}},"27":{"start":{"line":117,"column":15},"end":{"line":117,"column":25}},"28":{"start":{"line":119,"column":4},"end":{"line":123,"column":14}},"29":{"start":{"line":134,"column":4},"end":{"line":134,"column":58}},"30":{"start":{"line":134,"column":48},"end":{"line":134,"column":58}},"31":{"start":{"line":136,"column":20},"end":{"line":136,"column":22}},"32":{"start":{"line":137,"column":22},"end":{"line":137,"column":40}},"33":{"start":{"line":139,"column":4},"end":{"line":155,"column":5}},"34":{"start":{"line":140,"column":26},"end":{"line":140,"column":46}},"35":{"start":{"line":141,"column":21},"end":{"line":141,"column":51}},"36":{"start":{"line":143,"column":6},"end":{"line":154,"column":7}},"37":{"start":{"line":144,"column":8},"end":{"line":151,"column":11}},"38":{"start":{"line":153,"column":8},"end":{"line":153,"column":64}},"39":{"start":{"line":157,"column":4},"end":{"line":157,"column":19}},"40":{"start":{"line":161,"column":0},"end":{"line":161,"column":35}}},"fnMap":{"0":{"name":"(anonymous_0)","decl":{"start":{"line":13,"column":2},"end":{"line":13,"column":3}},"loc":{"start":{"line":13,"column":20},"end":{"line":15,"column":3}},"line":13},"1":{"name":"(anonymous_1)","decl":{"start":{"line":24,"column":2},"end":{"line":24,"column":3}},"loc":{"start":{"line":24,"column":30},"end":{"line":26,"column":3}},"line":24},"2":{"name":"(anonymous_2)","decl":{"start":{"line":34,"column":2},"end":{"line":34,"column":3}},"loc":{"start":{"line":34,"column":18},"end":{"line":57,"column":3}},"line":34},"3":{"name":"(anonymous_3)","decl":{"start":{"line":67,"column":2},"end":{"line":67,"column":3}},"loc":{"start":{"line":67,"column":52},"end":{"line":88,"column":3}},"line":67},"4":{"name":"(anonymous_4)","decl":{"start":{"line":97,"column":2},"end":{"line":97,"column":3}},"loc":{"start":{"line":97,"column":43},"end":{"line":108,"column":3}},"line":97},"5":{"name":"(anonymous_5)","decl":{"start":{"line":104,"column":28},"end":{"line":104,"column":29}},"loc":{"start":{"line":104,"column":40},"end":{"line":107,"column":5}},"line":104},"6":{"name":"(anonymous_6)","decl":{"start":{"line":106,"column":27},"end":{"line":106,"column":28}},"loc":{"start":{"line":106,"column":38},"end":{"line":106,"column":83}},"line":106},"7":{"name":"(anonymous_7)","decl":{"start":{"line":116,"column":2},"end":{"line":116,"column":3}},"loc":{"start":{"line":116,"column":22},"end":{"line":124,"column":3}},"line":116},"8":{"name":"(anonymous_8)","decl":{"start":{"line":133,"column":2},"end":{"line":133,"column":3}},"loc":{"start":{"line":133,"column":37},"end":{"line":158,"column":3}},"line":133}},"branchMap":{"0":{"loc":{"start":{"line":24,"column":16},"end":{"line":24,"column":28}},"type":"default-arg","locations":[{"start":{"line":24,"column":26},"end":{"line":24,"column":28}}],"line":24},"1":{"loc":{"start":{"line":35,"column":4},"end":{"line":35,"column":25}},"type":"if","locations":[{"start":{"line":35,"column":4},"end":{"line":35,"column":25}},{"start":{},"end":{}}],"line":35},"2":{"loc":{"start":{"line":67,"column":38},"end":{"line":67,"column":50}},"type":"default-arg","locations":[{"start":{"line":67,"column":48},"end":{"line":67,"column":50}}],"line":67},"3":{"loc":{"start":{"line":71,"column":31},"end":{"line":71,"column":56}},"type":"binary-expr","locations":[{"start":{"line":71,"column":31},"end":{"line":71,"column":51}},{"start":{"line":71,"column":55},"end":{"line":71,"column":56}}],"line":71},"4":{"loc":{"start":{"line":72,"column":26},"end":{"line":72,"column":46}},"type":"binary-expr","locations":[{"start":{"line":72,"column":26},"end":{"line":72,"column":41}},{"start":{"line":72,"column":45},"end":{"line":72,"column":46}}],"line":72},"5":{"loc":{"start":{"line":78,"column":4},"end":{"line":80,"column":5}},"type":"if","locations":[{"start":{"line":78,"column":4},"end":{"line":80,"column":5}},{"start":{},"end":{}}],"line":78},"6":{"loc":{"start":{"line":82,"column":4},"end":{"line":84,"column":5}},"type":"if","locations":[{"start":{"line":82,"column":4},"end":{"line":84,"column":5}},{"start":{},"end":{}}],"line":82},"7":{"loc":{"start":{"line":98,"column":4},"end":{"line":98,"column":25}},"type":"if","locations":[{"start":{"line":98,"column":4},"end":{"line":98,"column":25}},{"start":{},"end":{}}],"line":98},"8":{"loc":{"start":{"line":117,"column":4},"end":{"line":117,"column":25}},"type":"if","locations":[{"start":{"line":117,"column":4},"end":{"line":117,"column":25}},{"start":{},"end":{}}],"line":117},"9":{"loc":{"start":{"line":134,"column":4},"end":{"line":134,"column":58}},"type":"if","locations":[{"start":{"line":134,"column":4},"end":{"line":134,"column":58}},{"start":{},"end":{}}],"line":134},"10":{"loc":{"start":{"line":134,"column":8},"end":{"line":134,"column":46}},"type":"binary-expr","locations":[{"start":{"line":134,"column":8},"end":{"line":134,"column":13}},{"start":{"line":134,"column":17},"end":{"line":134,"column":26}},{"start":{"line":134,"column":30},"end":{"line":134,"column":46}}],"line":134}},"s":{"0":8,"1":0,"2":0,"3":0,"4":0,"5":0,"6":0,"7":0,"8":0,"9":0,"10":0,"11":0,"12":0,"13":0,"14":0,"15":0,"16":0,"17":0,"18":0,"19":0,"20":0,"21":0,"22":0,"23":0,"24":0,"25":0,"26":0,"27":0,"28":0,"29":0,"30":0,"31":0,"32":0,"33":0,"34":0,"35":0,"36":0,"37":0,"38":0,"39":0,"40":1},"f":{"0":8,"1":0,"2":0,"3":0,"4":0,"5":0,"6":0,"7":0,"8":0},"b":{"0":[0],"1":[0,0],"2":[0],"3":[0,0],"4":[0,0],"5":[0,0],"6":[0,0],"7":[0,0],"8":[0,0],"9":[0,0],"10":[0,0,0]},"_coverageSchema":"1a1c01bbd47fc00a2c39e90264f33305004495a9","hash":"54596eac40486a7ec1ea46179e3ae8dff870b3ed"}
,"/Users/franzhartl/yale-executive-orders/extraction/extractors/date_extractor.js": {"path":"/Users/franzhartl/yale-executive-orders/extraction/extractors/date_extractor.js","statementMap":{"0":{"start":{"line":13,"column":26},"end":{"line":13,"column":53}},"1":{"start":{"line":17,"column":4},"end":{"line":17,"column":18}},"2":{"start":{"line":18,"column":4},"end":{"line":21,"column":6}},"3":{"start":{"line":24,"column":4},"end":{"line":31,"column":6}},"4":{"start":{"line":42,"column":20},"end":{"line":46,"column":5}},"5":{"start":{"line":48,"column":4},"end":{"line":50,"column":5}},"6":{"start":{"line":49,"column":6},"end":{"line":49,"column":21}},"7":{"start":{"line":53,"column":4},"end":{"line":53,"column":47}},"8":{"start":{"line":56,"column":4},"end":{"line":56,"column":42}},"9":{"start":{"line":59,"column":4},"end":{"line":59,"column":43}},"10":{"start":{"line":62,"column":4},"end":{"line":62,"column":46}},"11":{"start":{"line":65,"column":4},"end":{"line":65,"column":44}},"12":{"start":{"line":68,"column":4},"end":{"line":68,"column":47}},"13":{"start":{"line":71,"column":4},"end":{"line":73,"column":5}},"14":{"start":{"line":72,"column":6},"end":{"line":72,"column":112}},"15":{"start":{"line":72,"column":63},"end":{"line":72,"column":84}},"16":{"start":{"line":75,"column":4},"end":{"line":75,"column":19}},"17":{"start":{"line":87,"column":4},"end":{"line":96,"column":5}},"18":{"start":{"line":88,"column":6},"end":{"line":94,"column":9}},"19":{"start":{"line":95,"column":6},"end":{"line":95,"column":13}},"20":{"start":{"line":98,"column":4},"end":{"line":107,"column":5}},"21":{"start":{"line":99,"column":6},"end":{"line":105,"column":9}},"22":{"start":{"line":106,"column":6},"end":{"line":106,"column":13}},"23":{"start":{"line":110,"column":20},"end":{"line":110,"column":83}},"24":{"start":{"line":112,"column":4},"end":{"line":128,"column":5}},"25":{"start":{"line":113,"column":24},"end":{"line":113,"column":64}},"26":{"start":{"line":114,"column":6},"end":{"line":127,"column":7}},"27":{"start":{"line":115,"column":24},"end":{"line":115,"column":36}},"28":{"start":{"line":116,"column":24},"end":{"line":116,"column":48}},"29":{"start":{"line":118,"column":8},"end":{"line":126,"column":9}},"30":{"start":{"line":119,"column":10},"end":{"line":125,"column":13}},"31":{"start":{"line":140,"column":4},"end":{"line":149,"column":5}},"32":{"start":{"line":141,"column":6},"end":{"line":147,"column":9}},"33":{"start":{"line":148,"column":6},"end":{"line":148,"column":13}},"34":{"start":{"line":151,"column":4},"end":{"line":160,"column":5}},"35":{"start":{"line":152,"column":6},"end":{"line":158,"column":9}},"36":{"start":{"line":159,"column":6},"end":{"line":159,"column":13}},"37":{"start":{"line":163,"column":20},"end":{"line":163,"column":78}},"38":{"start":{"line":165,"column":4},"end":{"line":181,"column":5}},"39":{"start":{"line":166,"column":24},"end":{"line":166,"column":59}},"40":{"start":{"line":167,"column":6},"end":{"line":180,"column":7}},"41":{"start":{"line":168,"column":24},"end":{"line":168,"column":36}},"42":{"start":{"line":169,"column":24},"end":{"line":169,"column":48}},"43":{"start":{"line":171,"column":8},"end":{"line":179,"column":9}},"44":{"start":{"line":172,"column":10},"end":{"line":178,"column":13}},"45":{"start":{"line":192,"column":20},"end":{"line":192,"column":79}},"46":{"start":{"line":194,"column":4},"end":{"line":213,"column":5}},"47":{"start":{"line":195,"column":24},"end":{"line":195,"column":60}},"48":{"start":{"line":196,"column":6},"end":{"line":212,"column":7}},"49":{"start":{"line":197,"column":29},"end":{"line":197,"column":41}},"50":{"start":{"line":198,"column":27},"end":{"line":198,"column":39}},"51":{"start":{"line":199,"column":29},"end":{"line":199,"column":58}},"52":{"start":{"line":200,"column":27},"end":{"line":200,"column":54}},"53":{"start":{"line":202,"column":8},"end":{"line":211,"column":9}},"54":{"start":{"line":203,"column":10},"end":{"line":210,"column":13}},"55":{"start":{"line":224,"column":20},"end":{"line":224,"column":82}},"56":{"start":{"line":226,"column":4},"end":{"line":241,"column":5}},"57":{"start":{"line":227,"column":23},"end":{"line":227,"column":62}},"58":{"start":{"line":228,"column":6},"end":{"line":240,"column":7}},"59":{"start":{"line":229,"column":26},"end":{"line":229,"column":90}},"60":{"start":{"line":230,"column":27},"end":{"line":230,"column":98}},"61":{"start":{"line":232,"column":8},"end":{"line":239,"column":11}},"62":{"start":{"line":252,"column":20},"end":{"line":252,"column":80}},"63":{"start":{"line":254,"column":4},"end":{"line":267,"column":5}},"64":{"start":{"line":255,"column":22},"end":{"line":255,"column":59}},"65":{"start":{"line":256,"column":6},"end":{"line":266,"column":7}},"66":{"start":{"line":257,"column":21},"end":{"line":257,"column":31}},"67":{"start":{"line":259,"column":8},"end":{"line":265,"column":11}},"68":{"start":{"line":278,"column":20},"end":{"line":278,"column":83}},"69":{"start":{"line":280,"column":4},"end":{"line":287,"column":5}},"70":{"start":{"line":281,"column":6},"end":{"line":286,"column":9}},"71":{"start":{"line":298,"column":4},"end":{"line":342,"column":5}},"72":{"start":{"line":300,"column":19},"end":{"line":300,"column":36}},"73":{"start":{"line":301,"column":6},"end":{"line":303,"column":7}},"74":{"start":{"line":302,"column":8},"end":{"line":302,"column":20}},"75":{"start":{"line":306,"column":22},"end":{"line":313,"column":7}},"76":{"start":{"line":315,"column":6},"end":{"line":337,"column":7}},"77":{"start":{"line":316,"column":22},"end":{"line":316,"column":43}},"78":{"start":{"line":317,"column":8},"end":{"line":336,"column":9}},"79":{"start":{"line":318,"column":10},"end":{"line":335,"column":11}},"80":{"start":{"line":320,"column":12},"end":{"line":320,"column":92}},"81":{"start":{"line":321,"column":17},"end":{"line":335,"column":11}},"82":{"start":{"line":323,"column":27},"end":{"line":323,"column":149}},"83":{"start":{"line":324,"column":31},"end":{"line":324,"column":90}},"84":{"start":{"line":324,"column":53},"end":{"line":324,"column":89}},"85":{"start":{"line":325,"column":12},"end":{"line":327,"column":13}},"86":{"start":{"line":326,"column":14},"end":{"line":326,"column":82}},"87":{"start":{"line":328,"column":17},"end":{"line":335,"column":11}},"88":{"start":{"line":330,"column":27},"end":{"line":330,"column":149}},"89":{"start":{"line":331,"column":31},"end":{"line":331,"column":90}},"90":{"start":{"line":331,"column":53},"end":{"line":331,"column":89}},"91":{"start":{"line":332,"column":12},"end":{"line":334,"column":13}},"92":{"start":{"line":333,"column":14},"end":{"line":333,"column":82}},"93":{"start":{"line":339,"column":6},"end":{"line":339,"column":18}},"94":{"start":{"line":341,"column":6},"end":{"line":341,"column":18}},"95":{"start":{"line":353,"column":4},"end":{"line":353,"column":44}},"96":{"start":{"line":357,"column":0},"end":{"line":357,"column":35}}},"fnMap":{"0":{"name":"(anonymous_0)","decl":{"start":{"line":16,"column":2},"end":{"line":16,"column":3}},"loc":{"start":{"line":16,"column":28},"end":{"line":32,"column":3}},"line":16},"1":{"name":"(anonymous_1)","decl":{"start":{"line":41,"column":2},"end":{"line":41,"column":3}},"loc":{"start":{"line":41,"column":30},"end":{"line":76,"column":3}},"line":41},"2":{"name":"(anonymous_2)","decl":{"start":{"line":72,"column":48},"end":{"line":72,"column":49}},"loc":{"start":{"line":72,"column":63},"end":{"line":72,"column":84}},"line":72},"3":{"name":"(anonymous_3)","decl":{"start":{"line":85,"column":2},"end":{"line":85,"column":3}},"loc":{"start":{"line":85,"column":40},"end":{"line":129,"column":3}},"line":85},"4":{"name":"(anonymous_4)","decl":{"start":{"line":138,"column":2},"end":{"line":138,"column":3}},"loc":{"start":{"line":138,"column":35},"end":{"line":182,"column":3}},"line":138},"5":{"name":"(anonymous_5)","decl":{"start":{"line":191,"column":2},"end":{"line":191,"column":3}},"loc":{"start":{"line":191,"column":36},"end":{"line":214,"column":3}},"line":191},"6":{"name":"(anonymous_6)","decl":{"start":{"line":223,"column":2},"end":{"line":223,"column":3}},"loc":{"start":{"line":223,"column":39},"end":{"line":242,"column":3}},"line":223},"7":{"name":"(anonymous_7)","decl":{"start":{"line":251,"column":2},"end":{"line":251,"column":3}},"loc":{"start":{"line":251,"column":37},"end":{"line":268,"column":3}},"line":251},"8":{"name":"(anonymous_8)","decl":{"start":{"line":277,"column":2},"end":{"line":277,"column":3}},"loc":{"start":{"line":277,"column":40},"end":{"line":288,"column":3}},"line":277},"9":{"name":"(anonymous_9)","decl":{"start":{"line":297,"column":2},"end":{"line":297,"column":3}},"loc":{"start":{"line":297,"column":22},"end":{"line":343,"column":3}},"line":297},"10":{"name":"(anonymous_10)","decl":{"start":{"line":324,"column":48},"end":{"line":324,"column":49}},"loc":{"start":{"line":324,"column":53},"end":{"line":324,"column":89}},"line":324},"11":{"name":"(anonymous_11)","decl":{"start":{"line":331,"column":48},"end":{"line":331,"column":49}},"loc":{"start":{"line":331,"column":53},"end":{"line":331,"column":89}},"line":331},"12":{"name":"(anonymous_12)","decl":{"start":{"line":352,"column":2},"end":{"line":352,"column":3}},"loc":{"start":{"line":352,"column":20},"end":{"line":354,"column":3}},"line":352}},"branchMap":{"0":{"loc":{"start":{"line":16,"column":14},"end":{"line":16,"column":26}},"type":"default-arg","locations":[{"start":{"line":16,"column":24},"end":{"line":16,"column":26}}],"line":16},"1":{"loc":{"start":{"line":41,"column":16},"end":{"line":41,"column":28}},"type":"default-arg","locations":[{"start":{"line":41,"column":26},"end":{"line":41,"column":28}}],"line":41},"2":{"loc":{"start":{"line":48,"column":4},"end":{"line":50,"column":5}},"type":"if","locations":[{"start":{"line":48,"column":4},"end":{"line":50,"column":5}},{"start":{},"end":{}}],"line":48},"3":{"loc":{"start":{"line":48,"column":8},"end":{"line":48,"column":41}},"type":"binary-expr","locations":[{"start":{"line":48,"column":8},"end":{"line":48,"column":13}},{"start":{"line":48,"column":17},"end":{"line":48,"column":41}}],"line":48},"4":{"loc":{"start":{"line":71,"column":4},"end":{"line":73,"column":5}},"type":"if","locations":[{"start":{"line":71,"column":4},"end":{"line":73,"column":5}},{"start":{},"end":{}}],"line":71},"5":{"loc":{"start":{"line":87,"column":4},"end":{"line":96,"column":5}},"type":"if","locations":[{"start":{"line":87,"column":4},"end":{"line":96,"column":5}},{"start":{},"end":{}}],"line":87},"6":{"loc":{"start":{"line":98,"column":4},"end":{"line":107,"column":5}},"type":"if","locations":[{"start":{"line":98,"column":4},"end":{"line":107,"column":5}},{"start":{},"end":{}}],"line":98},"7":{"loc":{"start":{"line":110,"column":20},"end":{"line":110,"column":83}},"type":"binary-expr","locations":[{"start":{"line":110,"column":20},"end":{"line":110,"column":77}},{"start":{"line":110,"column":81},"end":{"line":110,"column":83}}],"line":110},"8":{"loc":{"start":{"line":114,"column":6},"end":{"line":127,"column":7}},"type":"if","locations":[{"start":{"line":114,"column":6},"end":{"line":127,"column":7}},{"start":{},"end":{}}],"line":114},"9":{"loc":{"start":{"line":118,"column":8},"end":{"line":126,"column":9}},"type":"if","locations":[{"start":{"line":118,"column":8},"end":{"line":126,"column":9}},{"start":{},"end":{}}],"line":118},"10":{"loc":{"start":{"line":140,"column":4},"end":{"line":149,"column":5}},"type":"if","locations":[{"start":{"line":140,"column":4},"end":{"line":149,"column":5}},{"start":{},"end":{}}],"line":140},"11":{"loc":{"start":{"line":151,"column":4},"end":{"line":160,"column":5}},"type":"if","locations":[{"start":{"line":151,"column":4},"end":{"line":160,"column":5}},{"start":{},"end":{}}],"line":151},"12":{"loc":{"start":{"line":163,"column":20},"end":{"line":163,"column":78}},"type":"binary-expr","locations":[{"start":{"line":163,"column":20},"end":{"line":163,"column":72}},{"start":{"line":163,"column":76},"end":{"line":163,"column":78}}],"line":163},"13":{"loc":{"start":{"line":167,"column":6},"end":{"line":180,"column":7}},"type":"if","locations":[{"start":{"line":167,"column":6},"end":{"line":180,"column":7}},{"start":{},"end":{}}],"line":167},"14":{"loc":{"start":{"line":171,"column":8},"end":{"line":179,"column":9}},"type":"if","locations":[{"start":{"line":171,"column":8},"end":{"line":179,"column":9}},{"start":{},"end":{}}],"line":171},"15":{"loc":{"start":{"line":192,"column":20},"end":{"line":192,"column":79}},"type":"binary-expr","locations":[{"start":{"line":192,"column":20},"end":{"line":192,"column":73}},{"start":{"line":192,"column":77},"end":{"line":192,"column":79}}],"line":192},"16":{"loc":{"start":{"line":196,"column":6},"end":{"line":212,"column":7}},"type":"if","locations":[{"start":{"line":196,"column":6},"end":{"line":212,"column":7}},{"start":{},"end":{}}],"line":196},"17":{"loc":{"start":{"line":202,"column":8},"end":{"line":211,"column":9}},"type":"if","locations":[{"start":{"line":202,"column":8},"end":{"line":211,"column":9}},{"start":{},"end":{}}],"line":202},"18":{"loc":{"start":{"line":202,"column":12},"end":{"line":202,"column":38}},"type":"binary-expr","locations":[{"start":{"line":202,"column":12},"end":{"line":202,"column":24}},{"start":{"line":202,"column":28},"end":{"line":202,"column":38}}],"line":202},"19":{"loc":{"start":{"line":224,"column":20},"end":{"line":224,"column":82}},"type":"binary-expr","locations":[{"start":{"line":224,"column":20},"end":{"line":224,"column":76}},{"start":{"line":224,"column":80},"end":{"line":224,"column":82}}],"line":224},"20":{"loc":{"start":{"line":228,"column":6},"end":{"line":240,"column":7}},"type":"if","locations":[{"start":{"line":228,"column":6},"end":{"line":240,"column":7}},{"start":{},"end":{}}],"line":228},"21":{"loc":{"start":{"line":229,"column":58},"end":{"line":229,"column":88}},"type":"cond-expr","locations":[{"start":{"line":229,"column":80},"end":{"line":229,"column":83}},{"start":{"line":229,"column":86},"end":{"line":229,"column":88}}],"line":229},"22":{"loc":{"start":{"line":230,"column":27},"end":{"line":230,"column":98}},"type":"cond-expr","locations":[{"start":{"line":230,"column":65},"end":{"line":230,"column":83}},{"start":{"line":230,"column":86},"end":{"line":230,"column":98}}],"line":230},"23":{"loc":{"start":{"line":252,"column":20},"end":{"line":252,"column":80}},"type":"binary-expr","locations":[{"start":{"line":252,"column":20},"end":{"line":252,"column":74}},{"start":{"line":252,"column":78},"end":{"line":252,"column":80}}],"line":252},"24":{"loc":{"start":{"line":256,"column":6},"end":{"line":266,"column":7}},"type":"if","locations":[{"start":{"line":256,"column":6},"end":{"line":266,"column":7}},{"start":{},"end":{}}],"line":256},"25":{"loc":{"start":{"line":278,"column":20},"end":{"line":278,"column":83}},"type":"binary-expr","locations":[{"start":{"line":278,"column":20},"end":{"line":278,"column":77}},{"start":{"line":278,"column":81},"end":{"line":278,"column":83}}],"line":278},"26":{"loc":{"start":{"line":301,"column":6},"end":{"line":303,"column":7}},"type":"if","locations":[{"start":{"line":301,"column":6},"end":{"line":303,"column":7}},{"start":{},"end":{}}],"line":301},"27":{"loc":{"start":{"line":317,"column":8},"end":{"line":336,"column":9}},"type":"if","locations":[{"start":{"line":317,"column":8},"end":{"line":336,"column":9}},{"start":{},"end":{}}],"line":317},"28":{"loc":{"start":{"line":318,"column":10},"end":{"line":335,"column":11}},"type":"if","locations":[{"start":{"line":318,"column":10},"end":{"line":335,"column":11}},{"start":{"line":321,"column":17},"end":{"line":335,"column":11}}],"line":318},"29":{"loc":{"start":{"line":321,"column":17},"end":{"line":335,"column":11}},"type":"if","locations":[{"start":{"line":321,"column":17},"end":{"line":335,"column":11}},{"start":{"line":328,"column":17},"end":{"line":335,"column":11}}],"line":321},"30":{"loc":{"start":{"line":325,"column":12},"end":{"line":327,"column":13}},"type":"if","locations":[{"start":{"line":325,"column":12},"end":{"line":327,"column":13}},{"start":{},"end":{}}],"line":325},"31":{"loc":{"start":{"line":328,"column":17},"end":{"line":335,"column":11}},"type":"if","locations":[{"start":{"line":328,"column":17},"end":{"line":335,"column":11}},{"start":{},"end":{}}],"line":328},"32":{"loc":{"start":{"line":332,"column":12},"end":{"line":334,"column":13}},"type":"if","locations":[{"start":{"line":332,"column":12},"end":{"line":334,"column":13}},{"start":{},"end":{}}],"line":332}},"s":{"0":1,"1":8,"2":8,"3":8,"4":8,"5":8,"6":0,"7":8,"8":8,"9":8,"10":8,"11":8,"12":8,"13":8,"14":7,"15":12,"16":8,"17":8,"18":2,"19":2,"20":6,"21":1,"22":1,"23":5,"24":5,"25":0,"26":0,"27":0,"28":0,"29":0,"30":0,"31":8,"32":1,"33":1,"34":7,"35":1,"36":1,"37":6,"38":6,"39":0,"40":0,"41":0,"42":0,"43":0,"44":0,"45":8,"46":8,"47":1,"48":1,"49":1,"50":1,"51":1,"52":1,"53":1,"54":1,"55":8,"56":8,"57":2,"58":2,"59":2,"60":2,"61":2,"62":8,"63":8,"64":3,"65":3,"66":3,"67":3,"68":8,"69":8,"70":1,"71":2,"72":2,"73":2,"74":2,"75":0,"76":0,"77":0,"78":0,"79":0,"80":0,"81":0,"82":0,"83":0,"84":0,"85":0,"86":0,"87":0,"88":0,"89":0,"90":0,"91":0,"92":0,"93":0,"94":0,"95":2,"96":1},"f":{"0":8,"1":8,"2":12,"3":8,"4":8,"5":8,"6":8,"7":8,"8":8,"9":2,"10":0,"11":0,"12":2},"b":{"0":[8],"1":[8],"2":[0,8],"3":[8,8],"4":[7,1],"5":[2,6],"6":[1,5],"7":[5,5],"8":[0,0],"9":[0,0],"10":[1,7],"11":[1,6],"12":[6,6],"13":[0,0],"14":[0,0],"15":[8,7],"16":[1,0],"17":[1,0],"18":[1,1],"19":[8,6],"20":[2,0],"21":[2,0],"22":[0,2],"23":[8,6],"24":[3,0],"25":[8,7],"26":[2,0],"27":[0,0],"28":[0,0],"29":[0,0],"30":[0,0],"31":[0,0],"32":[0,0]},"_coverageSchema":"1a1c01bbd47fc00a2c39e90264f33305004495a9","hash":"c589085fb83a4fe91df6ac8b3139dcd038396fdc"}
,"/Users/franzhartl/yale-executive-orders/extraction/extractors/impact_extractor.js": {"path":"/Users/franzhartl/yale-executive-orders/extraction/extractors/impact_extractor.js","statementMap":{"0":{"start":{"line":8,"column":22},"end":{"line":8,"column":49}},"1":{"start":{"line":9,"column":34},"end":{"line":9,"column":77}},"2":{"start":{"line":10,"column":34},"end":{"line":10,"column":77}},"3":{"start":{"line":11,"column":15},"end":{"line":11,"column":32}},"4":{"start":{"line":22,"column":4},"end":{"line":28,"column":7}},"5":{"start":{"line":41,"column":22},"end":{"line":41,"column":47}},"6":{"start":{"line":44,"column":24},"end":{"line":44,"column":69}},"7":{"start":{"line":45,"column":18},"end":{"line":45,"column":50}},"8":{"start":{"line":48,"column":25},"end":{"line":48,"column":51}},"9":{"start":{"line":51,"column":19},"end":{"line":51,"column":81}},"10":{"start":{"line":54,"column":23},"end":{"line":57,"column":6}},"11":{"start":{"line":60,"column":26},"end":{"line":60,"column":65}},"12":{"start":{"line":63,"column":4},"end":{"line":63,"column":80}},"13":{"start":{"line":64,"column":4},"end":{"line":64,"column":90}},"14":{"start":{"line":67,"column":4},"end":{"line":67,"column":110}},"15":{"start":{"line":69,"column":4},"end":{"line":69,"column":27}},"16":{"start":{"line":82,"column":22},"end":{"line":82,"column":24}},"17":{"start":{"line":84,"column":4},"end":{"line":86,"column":5}},"18":{"start":{"line":85,"column":6},"end":{"line":85,"column":72}},"19":{"start":{"line":88,"column":4},"end":{"line":141,"column":2}},"20":{"start":{"line":150,"column":4},"end":{"line":162,"column":90}},"21":{"start":{"line":172,"column":4},"end":{"line":192,"column":7}},"22":{"start":{"line":174,"column":17},"end":{"line":174,"column":36}},"23":{"start":{"line":177,"column":6},"end":{"line":188,"column":8}},"24":{"start":{"line":191,"column":6},"end":{"line":191,"column":67}},"25":{"start":{"line":202,"column":4},"end":{"line":204,"column":5}},"26":{"start":{"line":203,"column":6},"end":{"line":203,"column":17}},"27":{"start":{"line":207,"column":28},"end":{"line":207,"column":102}},"28":{"start":{"line":207,"column":68},"end":{"line":207,"column":98}},"29":{"start":{"line":208,"column":30},"end":{"line":208,"column":70}},"30":{"start":{"line":211,"column":30},"end":{"line":211,"column":97}},"31":{"start":{"line":211,"column":63},"end":{"line":211,"column":89}},"32":{"start":{"line":212,"column":30},"end":{"line":212,"column":72}},"33":{"start":{"line":215,"column":30},"end":{"line":215,"column":89}},"34":{"start":{"line":215,"column":63},"end":{"line":215,"column":81}},"35":{"start":{"line":216,"column":30},"end":{"line":216,"column":72}},"36":{"start":{"line":219,"column":24},"end":{"line":219,"column":81}},"37":{"start":{"line":219,"column":62},"end":{"line":219,"column":79}},"38":{"start":{"line":220,"column":28},"end":{"line":220,"column":61}},"39":{"start":{"line":223,"column":29},"end":{"line":223,"column":46}},"40":{"start":{"line":225,"column":4},"end":{"line":227,"column":5}},"41":{"start":{"line":226,"column":6},"end":{"line":226,"column":33}},"42":{"start":{"line":229,"column":4},"end":{"line":231,"column":5}},"43":{"start":{"line":230,"column":6},"end":{"line":230,"column":33}},"44":{"start":{"line":233,"column":4},"end":{"line":235,"column":5}},"45":{"start":{"line":234,"column":6},"end":{"line":234,"column":33}},"46":{"start":{"line":238,"column":4},"end":{"line":242,"column":5}},"47":{"start":{"line":239,"column":6},"end":{"line":239,"column":32}},"48":{"start":{"line":240,"column":11},"end":{"line":242,"column":5}},"49":{"start":{"line":241,"column":6},"end":{"line":241,"column":33}},"50":{"start":{"line":244,"column":4},"end":{"line":244,"column":56}},"51":{"start":{"line":248,"column":0},"end":{"line":248,"column":33}}},"fnMap":{"0":{"name":"(anonymous_0)","decl":{"start":{"line":21,"column":2},"end":{"line":21,"column":3}},"loc":{"start":{"line":21,"column":28},"end":{"line":29,"column":3}},"line":21},"1":{"name":"(anonymous_1)","decl":{"start":{"line":39,"column":2},"end":{"line":39,"column":3}},"loc":{"start":{"line":39,"column":69},"end":{"line":70,"column":3}},"line":39},"2":{"name":"(anonymous_2)","decl":{"start":{"line":81,"column":2},"end":{"line":81,"column":3}},"loc":{"start":{"line":81,"column":65},"end":{"line":142,"column":3}},"line":81},"3":{"name":"(anonymous_3)","decl":{"start":{"line":149,"column":2},"end":{"line":149,"column":3}},"loc":{"start":{"line":149,"column":21},"end":{"line":163,"column":3}},"line":149},"4":{"name":"(anonymous_4)","decl":{"start":{"line":171,"column":2},"end":{"line":171,"column":3}},"loc":{"start":{"line":171,"column":27},"end":{"line":193,"column":3}},"line":171},"5":{"name":"(anonymous_5)","decl":{"start":{"line":172,"column":23},"end":{"line":172,"column":24}},"loc":{"start":{"line":172,"column":33},"end":{"line":189,"column":5}},"line":172},"6":{"name":"(anonymous_6)","decl":{"start":{"line":189,"column":14},"end":{"line":189,"column":15}},"loc":{"start":{"line":189,"column":24},"end":{"line":192,"column":5}},"line":189},"7":{"name":"(anonymous_7)","decl":{"start":{"line":201,"column":2},"end":{"line":201,"column":3}},"loc":{"start":{"line":201,"column":38},"end":{"line":245,"column":3}},"line":201},"8":{"name":"(anonymous_8)","decl":{"start":{"line":207,"column":51},"end":{"line":207,"column":52}},"loc":{"start":{"line":207,"column":68},"end":{"line":207,"column":98}},"line":207},"9":{"name":"(anonymous_9)","decl":{"start":{"line":211,"column":53},"end":{"line":211,"column":54}},"loc":{"start":{"line":211,"column":63},"end":{"line":211,"column":89}},"line":211},"10":{"name":"(anonymous_10)","decl":{"start":{"line":215,"column":53},"end":{"line":215,"column":54}},"loc":{"start":{"line":215,"column":63},"end":{"line":215,"column":81}},"line":215},"11":{"name":"(anonymous_11)","decl":{"start":{"line":219,"column":52},"end":{"line":219,"column":53}},"loc":{"start":{"line":219,"column":62},"end":{"line":219,"column":79}},"line":219}},"branchMap":{"0":{"loc":{"start":{"line":21,"column":14},"end":{"line":21,"column":26}},"type":"default-arg","locations":[{"start":{"line":21,"column":24},"end":{"line":21,"column":26}}],"line":21},"1":{"loc":{"start":{"line":39,"column":55},"end":{"line":39,"column":67}},"type":"default-arg","locations":[{"start":{"line":39,"column":65},"end":{"line":39,"column":67}}],"line":39},"2":{"loc":{"start":{"line":44,"column":24},"end":{"line":44,"column":69}},"type":"binary-expr","locations":[{"start":{"line":44,"column":24},"end":{"line":44,"column":41}},{"start":{"line":44,"column":45},"end":{"line":44,"column":69}}],"line":44},"3":{"loc":{"start":{"line":45,"column":18},"end":{"line":45,"column":50}},"type":"binary-expr","locations":[{"start":{"line":45,"column":18},"end":{"line":45,"column":35}},{"start":{"line":45,"column":39},"end":{"line":45,"column":50}}],"line":45},"4":{"loc":{"start":{"line":48,"column":25},"end":{"line":48,"column":51}},"type":"binary-expr","locations":[{"start":{"line":48,"column":25},"end":{"line":48,"column":45}},{"start":{"line":48,"column":49},"end":{"line":48,"column":51}}],"line":48},"5":{"loc":{"start":{"line":63,"column":51},"end":{"line":63,"column":78}},"type":"binary-expr","locations":[{"start":{"line":63,"column":51},"end":{"line":63,"column":72}},{"start":{"line":63,"column":76},"end":{"line":63,"column":78}}],"line":63},"6":{"loc":{"start":{"line":64,"column":46},"end":{"line":64,"column":89}},"type":"binary-expr","locations":[{"start":{"line":64,"column":46},"end":{"line":64,"column":83}},{"start":{"line":64,"column":87},"end":{"line":64,"column":89}}],"line":64},"7":{"loc":{"start":{"line":67,"column":33},"end":{"line":67,"column":109}},"type":"binary-expr","locations":[{"start":{"line":67,"column":33},"end":{"line":67,"column":57}},{"start":{"line":67,"column":61},"end":{"line":67,"column":109}}],"line":67},"8":{"loc":{"start":{"line":81,"column":46},"end":{"line":81,"column":63}},"type":"default-arg","locations":[{"start":{"line":81,"column":61},"end":{"line":81,"column":63}}],"line":81},"9":{"loc":{"start":{"line":84,"column":4},"end":{"line":86,"column":5}},"type":"if","locations":[{"start":{"line":84,"column":4},"end":{"line":86,"column":5}},{"start":{},"end":{}}],"line":84},"10":{"loc":{"start":{"line":179,"column":20},"end":{"line":179,"column":48}},"type":"binary-expr","locations":[{"start":{"line":179,"column":20},"end":{"line":179,"column":37}},{"start":{"line":179,"column":41},"end":{"line":179,"column":48}}],"line":179},"11":{"loc":{"start":{"line":180,"column":21},"end":{"line":180,"column":45}},"type":"binary-expr","locations":[{"start":{"line":180,"column":21},"end":{"line":180,"column":39}},{"start":{"line":180,"column":43},"end":{"line":180,"column":45}}],"line":180},"12":{"loc":{"start":{"line":181,"column":21},"end":{"line":181,"column":45}},"type":"binary-expr","locations":[{"start":{"line":181,"column":21},"end":{"line":181,"column":39}},{"start":{"line":181,"column":43},"end":{"line":181,"column":45}}],"line":181},"13":{"loc":{"start":{"line":182,"column":26},"end":{"line":182,"column":95}},"type":"cond-expr","locations":[{"start":{"line":182,"column":67},"end":{"line":182,"column":90}},{"start":{"line":182,"column":93},"end":{"line":182,"column":95}}],"line":182},"14":{"loc":{"start":{"line":183,"column":18},"end":{"line":183,"column":45}},"type":"binary-expr","locations":[{"start":{"line":183,"column":18},"end":{"line":183,"column":33}},{"start":{"line":183,"column":37},"end":{"line":183,"column":45}}],"line":183},"15":{"loc":{"start":{"line":184,"column":20},"end":{"line":184,"column":44}},"type":"binary-expr","locations":[{"start":{"line":184,"column":20},"end":{"line":184,"column":37}},{"start":{"line":184,"column":41},"end":{"line":184,"column":44}}],"line":184},"16":{"loc":{"start":{"line":185,"column":19},"end":{"line":185,"column":50}},"type":"binary-expr","locations":[{"start":{"line":185,"column":19},"end":{"line":185,"column":35}},{"start":{"line":185,"column":39},"end":{"line":185,"column":50}}],"line":185},"17":{"loc":{"start":{"line":186,"column":20},"end":{"line":186,"column":46}},"type":"binary-expr","locations":[{"start":{"line":186,"column":20},"end":{"line":186,"column":37}},{"start":{"line":186,"column":41},"end":{"line":186,"column":46}}],"line":186},"18":{"loc":{"start":{"line":187,"column":31},"end":{"line":187,"column":110}},"type":"cond-expr","locations":[{"start":{"line":187,"column":77},"end":{"line":187,"column":105}},{"start":{"line":187,"column":108},"end":{"line":187,"column":110}}],"line":187},"19":{"loc":{"start":{"line":202,"column":4},"end":{"line":204,"column":5}},"type":"if","locations":[{"start":{"line":202,"column":4},"end":{"line":204,"column":5}},{"start":{},"end":{}}],"line":202},"20":{"loc":{"start":{"line":202,"column":8},"end":{"line":202,"column":68}},"type":"binary-expr","locations":[{"start":{"line":202,"column":8},"end":{"line":202,"column":16}},{"start":{"line":202,"column":20},"end":{"line":202,"column":36}},{"start":{"line":202,"column":40},"end":{"line":202,"column":68}}],"line":202},"21":{"loc":{"start":{"line":207,"column":75},"end":{"line":207,"column":97}},"type":"binary-expr","locations":[{"start":{"line":207,"column":75},"end":{"line":207,"column":92}},{"start":{"line":207,"column":96},"end":{"line":207,"column":97}}],"line":207},"22":{"loc":{"start":{"line":225,"column":4},"end":{"line":227,"column":5}},"type":"if","locations":[{"start":{"line":225,"column":4},"end":{"line":227,"column":5}},{"start":{},"end":{}}],"line":225},"23":{"loc":{"start":{"line":229,"column":4},"end":{"line":231,"column":5}},"type":"if","locations":[{"start":{"line":229,"column":4},"end":{"line":231,"column":5}},{"start":{},"end":{}}],"line":229},"24":{"loc":{"start":{"line":233,"column":4},"end":{"line":235,"column":5}},"type":"if","locations":[{"start":{"line":233,"column":4},"end":{"line":235,"column":5}},{"start":{},"end":{}}],"line":233},"25":{"loc":{"start":{"line":238,"column":4},"end":{"line":242,"column":5}},"type":"if","locations":[{"start":{"line":238,"column":4},"end":{"line":242,"column":5}},{"start":{"line":240,"column":11},"end":{"line":242,"column":5}}],"line":238},"26":{"loc":{"start":{"line":240,"column":11},"end":{"line":242,"column":5}},"type":"if","locations":[{"start":{"line":240,"column":11},"end":{"line":242,"column":5}},{"start":{},"end":{}}],"line":240}},"s":{"0":0,"1":0,"2":0,"3":0,"4":0,"5":0,"6":0,"7":0,"8":0,"9":0,"10":0,"11":0,"12":0,"13":0,"14":0,"15":0,"16":0,"17":0,"18":0,"19":0,"20":0,"21":0,"22":0,"23":0,"24":0,"25":0,"26":0,"27":0,"28":0,"29":0,"30":0,"31":0,"32":0,"33":0,"34":0,"35":0,"36":0,"37":0,"38":0,"39":0,"40":0,"41":0,"42":0,"43":0,"44":0,"45":0,"46":0,"47":0,"48":0,"49":0,"50":0,"51":0},"f":{"0":0,"1":0,"2":0,"3":0,"4":0,"5":0,"6":0,"7":0,"8":0,"9":0,"10":0,"11":0},"b":{"0":[0],"1":[0],"2":[0,0],"3":[0,0],"4":[0,0],"5":[0,0],"6":[0,0],"7":[0,0],"8":[0],"9":[0,0],"10":[0,0],"11":[0,0],"12":[0,0],"13":[0,0],"14":[0,0],"15":[0,0],"16":[0,0],"17":[0,0],"18":[0,0],"19":[0,0],"20":[0,0,0],"21":[0,0],"22":[0,0],"23":[0,0],"24":[0,0],"25":[0,0],"26":[0,0]}}
,"/Users/franzhartl/yale-executive-orders/extraction/extractors/requirement_extractor.js": {"path":"/Users/franzhartl/yale-executive-orders/extraction/extractors/requirement_extractor.js","statementMap":{"0":{"start":{"line":8,"column":22},"end":{"line":8,"column":49}},"1":{"start":{"line":9,"column":34},"end":{"line":9,"column":77}},"2":{"start":{"line":10,"column":39},"end":{"line":10,"column":82}},"3":{"start":{"line":11,"column":15},"end":{"line":11,"column":32}},"4":{"start":{"line":22,"column":4},"end":{"line":28,"column":7}},"5":{"start":{"line":41,"column":22},"end":{"line":41,"column":47}},"6":{"start":{"line":44,"column":24},"end":{"line":44,"column":69}},"7":{"start":{"line":45,"column":18},"end":{"line":45,"column":50}},"8":{"start":{"line":48,"column":19},"end":{"line":48,"column":67}},"9":{"start":{"line":51,"column":23},"end":{"line":54,"column":6}},"10":{"start":{"line":57,"column":26},"end":{"line":57,"column":65}},"11":{"start":{"line":60,"column":4},"end":{"line":60,"column":95}},"12":{"start":{"line":63,"column":4},"end":{"line":63,"column":110}},"13":{"start":{"line":65,"column":4},"end":{"line":65,"column":27}},"14":{"start":{"line":77,"column":4},"end":{"line":125,"column":2}},"15":{"start":{"line":134,"column":4},"end":{"line":147,"column":90}},"16":{"start":{"line":158,"column":32},"end":{"line":163,"column":6}},"17":{"start":{"line":159,"column":6},"end":{"line":162,"column":8}},"18":{"start":{"line":166,"column":4},"end":{"line":199,"column":7}},"19":{"start":{"line":168,"column":39},"end":{"line":168,"column":43}},"20":{"start":{"line":170,"column":6},"end":{"line":180,"column":7}},"21":{"start":{"line":172,"column":33},"end":{"line":175,"column":9}},"22":{"start":{"line":173,"column":10},"end":{"line":174,"column":51}},"23":{"start":{"line":177,"column":8},"end":{"line":179,"column":9}},"24":{"start":{"line":178,"column":10},"end":{"line":178,"column":59}},"25":{"start":{"line":183,"column":6},"end":{"line":195,"column":8}},"26":{"start":{"line":198,"column":6},"end":{"line":198,"column":64}},"27":{"start":{"line":209,"column":4},"end":{"line":211,"column":5}},"28":{"start":{"line":210,"column":6},"end":{"line":210,"column":17}},"29":{"start":{"line":214,"column":28},"end":{"line":214,"column":101}},"30":{"start":{"line":214,"column":70},"end":{"line":214,"column":97}},"31":{"start":{"line":215,"column":30},"end":{"line":215,"column":75}},"32":{"start":{"line":218,"column":30},"end":{"line":218,"column":96}},"33":{"start":{"line":218,"column":65},"end":{"line":218,"column":88}},"34":{"start":{"line":219,"column":30},"end":{"line":219,"column":77}},"35":{"start":{"line":222,"column":38},"end":{"line":223,"column":44}},"36":{"start":{"line":223,"column":6},"end":{"line":223,"column":36}},"37":{"start":{"line":224,"column":38},"end":{"line":224,"column":93}},"38":{"start":{"line":227,"column":29},"end":{"line":227,"column":46}},"39":{"start":{"line":229,"column":4},"end":{"line":231,"column":5}},"40":{"start":{"line":230,"column":6},"end":{"line":230,"column":33}},"41":{"start":{"line":233,"column":4},"end":{"line":235,"column":5}},"42":{"start":{"line":234,"column":6},"end":{"line":234,"column":33}},"43":{"start":{"line":238,"column":4},"end":{"line":242,"column":5}},"44":{"start":{"line":239,"column":6},"end":{"line":239,"column":32}},"45":{"start":{"line":240,"column":11},"end":{"line":242,"column":5}},"46":{"start":{"line":241,"column":6},"end":{"line":241,"column":33}},"47":{"start":{"line":244,"column":4},"end":{"line":244,"column":56}},"48":{"start":{"line":248,"column":0},"end":{"line":248,"column":38}}},"fnMap":{"0":{"name":"(anonymous_0)","decl":{"start":{"line":21,"column":2},"end":{"line":21,"column":3}},"loc":{"start":{"line":21,"column":28},"end":{"line":29,"column":3}},"line":21},"1":{"name":"(anonymous_1)","decl":{"start":{"line":39,"column":2},"end":{"line":39,"column":3}},"loc":{"start":{"line":39,"column":69},"end":{"line":66,"column":3}},"line":39},"2":{"name":"(anonymous_2)","decl":{"start":{"line":76,"column":2},"end":{"line":76,"column":3}},"loc":{"start":{"line":76,"column":46},"end":{"line":126,"column":3}},"line":76},"3":{"name":"(anonymous_3)","decl":{"start":{"line":133,"column":2},"end":{"line":133,"column":3}},"loc":{"start":{"line":133,"column":21},"end":{"line":148,"column":3}},"line":133},"4":{"name":"(anonymous_4)","decl":{"start":{"line":156,"column":2},"end":{"line":156,"column":3}},"loc":{"start":{"line":156,"column":37},"end":{"line":200,"column":3}},"line":156},"5":{"name":"(anonymous_5)","decl":{"start":{"line":158,"column":49},"end":{"line":158,"column":50}},"loc":{"start":{"line":158,"column":56},"end":{"line":163,"column":5}},"line":158},"6":{"name":"(anonymous_6)","decl":{"start":{"line":166,"column":35},"end":{"line":166,"column":36}},"loc":{"start":{"line":166,"column":42},"end":{"line":196,"column":5}},"line":166},"7":{"name":"(anonymous_7)","decl":{"start":{"line":172,"column":58},"end":{"line":172,"column":59}},"loc":{"start":{"line":173,"column":10},"end":{"line":174,"column":51}},"line":173},"8":{"name":"(anonymous_8)","decl":{"start":{"line":196,"column":14},"end":{"line":196,"column":15}},"loc":{"start":{"line":196,"column":21},"end":{"line":199,"column":5}},"line":196},"9":{"name":"(anonymous_9)","decl":{"start":{"line":208,"column":2},"end":{"line":208,"column":3}},"loc":{"start":{"line":208,"column":38},"end":{"line":245,"column":3}},"line":208},"10":{"name":"(anonymous_10)","decl":{"start":{"line":214,"column":56},"end":{"line":214,"column":57}},"loc":{"start":{"line":214,"column":70},"end":{"line":214,"column":97}},"line":214},"11":{"name":"(anonymous_11)","decl":{"start":{"line":218,"column":58},"end":{"line":218,"column":59}},"loc":{"start":{"line":218,"column":65},"end":{"line":218,"column":88}},"line":218},"12":{"name":"(anonymous_12)","decl":{"start":{"line":222,"column":66},"end":{"line":222,"column":67}},"loc":{"start":{"line":223,"column":6},"end":{"line":223,"column":36}},"line":223}},"branchMap":{"0":{"loc":{"start":{"line":21,"column":14},"end":{"line":21,"column":26}},"type":"default-arg","locations":[{"start":{"line":21,"column":24},"end":{"line":21,"column":26}}],"line":21},"1":{"loc":{"start":{"line":39,"column":55},"end":{"line":39,"column":67}},"type":"default-arg","locations":[{"start":{"line":39,"column":65},"end":{"line":39,"column":67}}],"line":39},"2":{"loc":{"start":{"line":44,"column":24},"end":{"line":44,"column":69}},"type":"binary-expr","locations":[{"start":{"line":44,"column":24},"end":{"line":44,"column":41}},{"start":{"line":44,"column":45},"end":{"line":44,"column":69}}],"line":44},"3":{"loc":{"start":{"line":45,"column":18},"end":{"line":45,"column":50}},"type":"binary-expr","locations":[{"start":{"line":45,"column":18},"end":{"line":45,"column":35}},{"start":{"line":45,"column":39},"end":{"line":45,"column":50}}],"line":45},"4":{"loc":{"start":{"line":60,"column":61},"end":{"line":60,"column":93}},"type":"binary-expr","locations":[{"start":{"line":60,"column":61},"end":{"line":60,"column":87}},{"start":{"line":60,"column":91},"end":{"line":60,"column":93}}],"line":60},"5":{"loc":{"start":{"line":63,"column":33},"end":{"line":63,"column":109}},"type":"binary-expr","locations":[{"start":{"line":63,"column":33},"end":{"line":63,"column":57}},{"start":{"line":63,"column":61},"end":{"line":63,"column":109}}],"line":63},"6":{"loc":{"start":{"line":170,"column":6},"end":{"line":180,"column":7}},"type":"if","locations":[{"start":{"line":170,"column":6},"end":{"line":180,"column":7}},{"start":{},"end":{}}],"line":170},"7":{"loc":{"start":{"line":173,"column":10},"end":{"line":174,"column":51}},"type":"binary-expr","locations":[{"start":{"line":173,"column":10},"end":{"line":173,"column":23}},{"start":{"line":173,"column":27},"end":{"line":173,"column":44}},{"start":{"line":174,"column":10},"end":{"line":174,"column":51}}],"line":173},"8":{"loc":{"start":{"line":177,"column":8},"end":{"line":179,"column":9}},"type":"if","locations":[{"start":{"line":177,"column":8},"end":{"line":179,"column":9}},{"start":{},"end":{}}],"line":177},"9":{"loc":{"start":{"line":185,"column":25},"end":{"line":185,"column":55}},"type":"binary-expr","locations":[{"start":{"line":185,"column":25},"end":{"line":185,"column":44}},{"start":{"line":185,"column":48},"end":{"line":185,"column":55}}],"line":185},"10":{"loc":{"start":{"line":186,"column":21},"end":{"line":186,"column":42}},"type":"binary-expr","locations":[{"start":{"line":186,"column":21},"end":{"line":186,"column":36}},{"start":{"line":186,"column":40},"end":{"line":186,"column":42}}],"line":186},"11":{"loc":{"start":{"line":187,"column":21},"end":{"line":187,"column":42}},"type":"binary-expr","locations":[{"start":{"line":187,"column":21},"end":{"line":187,"column":36}},{"start":{"line":187,"column":40},"end":{"line":187,"column":42}}],"line":187},"12":{"loc":{"start":{"line":188,"column":24},"end":{"line":188,"column":83}},"type":"cond-expr","locations":[{"start":{"line":188,"column":60},"end":{"line":188,"column":78}},{"start":{"line":188,"column":81},"end":{"line":188,"column":83}}],"line":188},"13":{"loc":{"start":{"line":189,"column":18},"end":{"line":189,"column":38}},"type":"binary-expr","locations":[{"start":{"line":189,"column":18},"end":{"line":189,"column":30}},{"start":{"line":189,"column":34},"end":{"line":189,"column":38}}],"line":189},"14":{"loc":{"start":{"line":190,"column":20},"end":{"line":190,"column":72}},"type":"cond-expr","locations":[{"start":{"line":190,"column":51},"end":{"line":190,"column":65}},{"start":{"line":190,"column":68},"end":{"line":190,"column":72}}],"line":190},"15":{"loc":{"start":{"line":191,"column":20},"end":{"line":191,"column":41}},"type":"binary-expr","locations":[{"start":{"line":191,"column":20},"end":{"line":191,"column":34}},{"start":{"line":191,"column":38},"end":{"line":191,"column":41}}],"line":191},"16":{"loc":{"start":{"line":192,"column":18},"end":{"line":192,"column":42}},"type":"binary-expr","locations":[{"start":{"line":192,"column":18},"end":{"line":192,"column":30}},{"start":{"line":192,"column":34},"end":{"line":192,"column":42}}],"line":192},"17":{"loc":{"start":{"line":193,"column":23},"end":{"line":193,"column":48}},"type":"binary-expr","locations":[{"start":{"line":193,"column":23},"end":{"line":193,"column":40}},{"start":{"line":193,"column":44},"end":{"line":193,"column":48}}],"line":193},"18":{"loc":{"start":{"line":209,"column":4},"end":{"line":211,"column":5}},"type":"if","locations":[{"start":{"line":209,"column":4},"end":{"line":211,"column":5}},{"start":{},"end":{}}],"line":209},"19":{"loc":{"start":{"line":209,"column":8},"end":{"line":209,"column":78}},"type":"binary-expr","locations":[{"start":{"line":209,"column":8},"end":{"line":209,"column":16}},{"start":{"line":209,"column":20},"end":{"line":209,"column":41}},{"start":{"line":209,"column":45},"end":{"line":209,"column":78}}],"line":209},"20":{"loc":{"start":{"line":214,"column":77},"end":{"line":214,"column":96}},"type":"binary-expr","locations":[{"start":{"line":214,"column":77},"end":{"line":214,"column":91}},{"start":{"line":214,"column":95},"end":{"line":214,"column":96}}],"line":214},"21":{"loc":{"start":{"line":223,"column":6},"end":{"line":223,"column":36}},"type":"binary-expr","locations":[{"start":{"line":223,"column":6},"end":{"line":223,"column":20}},{"start":{"line":223,"column":24},"end":{"line":223,"column":36}}],"line":223},"22":{"loc":{"start":{"line":229,"column":4},"end":{"line":231,"column":5}},"type":"if","locations":[{"start":{"line":229,"column":4},"end":{"line":231,"column":5}},{"start":{},"end":{}}],"line":229},"23":{"loc":{"start":{"line":233,"column":4},"end":{"line":235,"column":5}},"type":"if","locations":[{"start":{"line":233,"column":4},"end":{"line":235,"column":5}},{"start":{},"end":{}}],"line":233},"24":{"loc":{"start":{"line":238,"column":4},"end":{"line":242,"column":5}},"type":"if","locations":[{"start":{"line":238,"column":4},"end":{"line":242,"column":5}},{"start":{"line":240,"column":11},"end":{"line":242,"column":5}}],"line":238},"25":{"loc":{"start":{"line":240,"column":11},"end":{"line":242,"column":5}},"type":"if","locations":[{"start":{"line":240,"column":11},"end":{"line":242,"column":5}},{"start":{},"end":{}}],"line":240}},"s":{"0":0,"1":0,"2":0,"3":0,"4":0,"5":0,"6":0,"7":0,"8":0,"9":0,"10":0,"11":0,"12":0,"13":0,"14":0,"15":0,"16":0,"17":0,"18":0,"19":0,"20":0,"21":0,"22":0,"23":0,"24":0,"25":0,"26":0,"27":0,"28":0,"29":0,"30":0,"31":0,"32":0,"33":0,"34":0,"35":0,"36":0,"37":0,"38":0,"39":0,"40":0,"41":0,"42":0,"43":0,"44":0,"45":0,"46":0,"47":0,"48":0},"f":{"0":0,"1":0,"2":0,"3":0,"4":0,"5":0,"6":0,"7":0,"8":0,"9":0,"10":0,"11":0,"12":0},"b":{"0":[0],"1":[0],"2":[0,0],"3":[0,0],"4":[0,0],"5":[0,0],"6":[0,0],"7":[0,0,0],"8":[0,0],"9":[0,0],"10":[0,0],"11":[0,0],"12":[0,0],"13":[0,0],"14":[0,0],"15":[0,0],"16":[0,0],"17":[0,0],"18":[0,0],"19":[0,0,0],"20":[0,0],"21":[0,0],"22":[0,0],"23":[0,0],"24":[0,0],"25":[0,0]}}
}
