TN:
SF:extraction/extractors/base_extractor.js
FN:13,(anonymous_0)
FN:24,(anonymous_1)
FN:34,(anonymous_2)
FN:67,(anonymous_3)
FN:97,(anonymous_4)
FN:104,(anonymous_5)
FN:106,(anonymous_6)
FN:116,(anonymous_7)
FN:133,(anonymous_8)
FNF:9
FNH:1
FNDA:8,(anonymous_0)
FNDA:0,(anonymous_1)
FNDA:0,(anonymous_2)
FNDA:0,(anonymous_3)
FNDA:0,(anonymous_4)
FNDA:0,(anonymous_5)
FNDA:0,(anonymous_6)
FNDA:0,(anonymous_7)
FNDA:0,(anonymous_8)
DA:14,8
DA:25,0
DA:35,0
DA:38,0
DA:41,0
DA:52,0
DA:53,0
DA:56,0
DA:69,0
DA:70,0
DA:71,0
DA:72,0
DA:75,0
DA:78,0
DA:79,0
DA:82,0
DA:83,0
DA:87,0
DA:98,0
DA:101,0
DA:104,0
DA:105,0
DA:106,0
DA:117,0
DA:119,0
DA:134,0
DA:136,0
DA:137,0
DA:139,0
DA:140,0
DA:141,0
DA:143,0
DA:144,0
DA:153,0
DA:157,0
DA:161,1
LF:36
LH:2
BRDA:24,0,0,0
BRDA:35,1,0,0
BRDA:35,1,1,0
BRDA:67,2,0,0
BRDA:71,3,0,0
BRDA:71,3,1,0
BRDA:72,4,0,0
BRDA:72,4,1,0
BRDA:78,5,0,0
BRDA:78,5,1,0
BRDA:82,6,0,0
BRDA:82,6,1,0
BRDA:98,7,0,0
BRDA:98,7,1,0
BRDA:117,8,0,0
BRDA:117,8,1,0
BRDA:134,9,0,0
BRDA:134,9,1,0
BRDA:134,10,0,0
BRDA:134,10,1,0
BRDA:134,10,2,0
BRF:21
BRH:0
end_of_record
TN:
SF:extraction/extractors/date_extractor.js
FN:16,(anonymous_0)
FN:41,(anonymous_1)
FN:72,(anonymous_2)
FN:85,(anonymous_3)
FN:138,(anonymous_4)
FN:191,(anonymous_5)
FN:223,(anonymous_6)
FN:251,(anonymous_7)
FN:277,(anonymous_8)
FN:297,(anonymous_9)
FN:324,(anonymous_10)
FN:331,(anonymous_11)
FN:352,(anonymous_12)
FNF:13
FNH:11
FNDA:8,(anonymous_0)
FNDA:8,(anonymous_1)
FNDA:12,(anonymous_2)
FNDA:8,(anonymous_3)
FNDA:8,(anonymous_4)
FNDA:8,(anonymous_5)
FNDA:8,(anonymous_6)
FNDA:8,(anonymous_7)
FNDA:8,(anonymous_8)
FNDA:2,(anonymous_9)
FNDA:0,(anonymous_10)
FNDA:0,(anonymous_11)
FNDA:2,(anonymous_12)
DA:13,1
DA:17,8
DA:18,8
DA:24,8
DA:42,8
DA:48,8
DA:49,0
DA:53,8
DA:56,8
DA:59,8
DA:62,8
DA:65,8
DA:68,8
DA:71,8
DA:72,12
DA:75,8
DA:87,8
DA:88,2
DA:95,2
DA:98,6
DA:99,1
DA:106,1
DA:110,5
DA:112,5
DA:113,0
DA:114,0
DA:115,0
DA:116,0
DA:118,0
DA:119,0
DA:140,8
DA:141,1
DA:148,1
DA:151,7
DA:152,1
DA:159,1
DA:163,6
DA:165,6
DA:166,0
DA:167,0
DA:168,0
DA:169,0
DA:171,0
DA:172,0
DA:192,8
DA:194,8
DA:195,1
DA:196,1
DA:197,1
DA:198,1
DA:199,1
DA:200,1
DA:202,1
DA:203,1
DA:224,8
DA:226,8
DA:227,2
DA:228,2
DA:229,2
DA:230,2
DA:232,2
DA:252,8
DA:254,8
DA:255,3
DA:256,3
DA:257,3
DA:259,3
DA:278,8
DA:280,8
DA:281,1
DA:298,2
DA:300,2
DA:301,2
DA:302,2
DA:306,0
DA:315,0
DA:316,0
DA:317,0
DA:318,0
DA:320,0
DA:321,0
DA:323,0
DA:324,0
DA:325,0
DA:326,0
DA:328,0
DA:330,0
DA:331,0
DA:332,0
DA:333,0
DA:339,0
DA:341,0
DA:353,2
DA:357,1
LF:94
LH:63
BRDA:16,0,0,8
BRDA:41,1,0,8
BRDA:48,2,0,0
BRDA:48,2,1,8
BRDA:48,3,0,8
BRDA:48,3,1,8
BRDA:71,4,0,7
BRDA:71,4,1,1
BRDA:87,5,0,2
BRDA:87,5,1,6
BRDA:98,6,0,1
BRDA:98,6,1,5
BRDA:110,7,0,5
BRDA:110,7,1,5
BRDA:114,8,0,0
BRDA:114,8,1,0
BRDA:118,9,0,0
BRDA:118,9,1,0
BRDA:140,10,0,1
BRDA:140,10,1,7
BRDA:151,11,0,1
BRDA:151,11,1,6
BRDA:163,12,0,6
BRDA:163,12,1,6
BRDA:167,13,0,0
BRDA:167,13,1,0
BRDA:171,14,0,0
BRDA:171,14,1,0
BRDA:192,15,0,8
BRDA:192,15,1,7
BRDA:196,16,0,1
BRDA:196,16,1,0
BRDA:202,17,0,1
BRDA:202,17,1,0
BRDA:202,18,0,1
BRDA:202,18,1,1
BRDA:224,19,0,8
BRDA:224,19,1,6
BRDA:228,20,0,2
BRDA:228,20,1,0
BRDA:229,21,0,2
BRDA:229,21,1,0
BRDA:230,22,0,0
BRDA:230,22,1,2
BRDA:252,23,0,8
BRDA:252,23,1,6
BRDA:256,24,0,3
BRDA:256,24,1,0
BRDA:278,25,0,8
BRDA:278,25,1,7
BRDA:301,26,0,2
BRDA:301,26,1,0
BRDA:317,27,0,0
BRDA:317,27,1,0
BRDA:318,28,0,0
BRDA:318,28,1,0
BRDA:321,29,0,0
BRDA:321,29,1,0
BRDA:325,30,0,0
BRDA:325,30,1,0
BRDA:328,31,0,0
BRDA:328,31,1,0
BRDA:332,32,0,0
BRDA:332,32,1,0
BRF:64
BRH:36
end_of_record
TN:
SF:extraction/extractors/impact_extractor.js
FN:21,(anonymous_0)
FN:39,(anonymous_1)
FN:81,(anonymous_2)
FN:149,(anonymous_3)
FN:171,(anonymous_4)
FN:172,(anonymous_5)
FN:189,(anonymous_6)
FN:201,(anonymous_7)
FN:207,(anonymous_8)
FN:211,(anonymous_9)
FN:215,(anonymous_10)
FN:219,(anonymous_11)
FNF:12
FNH:0
FNDA:0,(anonymous_0)
FNDA:0,(anonymous_1)
FNDA:0,(anonymous_2)
FNDA:0,(anonymous_3)
FNDA:0,(anonymous_4)
FNDA:0,(anonymous_5)
FNDA:0,(anonymous_6)
FNDA:0,(anonymous_7)
FNDA:0,(anonymous_8)
FNDA:0,(anonymous_9)
FNDA:0,(anonymous_10)
FNDA:0,(anonymous_11)
DA:8,0
DA:9,0
DA:10,0
DA:11,0
DA:22,0
DA:41,0
DA:44,0
DA:45,0
DA:48,0
DA:51,0
DA:54,0
DA:60,0
DA:63,0
DA:64,0
DA:67,0
DA:69,0
DA:82,0
DA:84,0
DA:85,0
DA:88,0
DA:150,0
DA:172,0
DA:174,0
DA:177,0
DA:191,0
DA:202,0
DA:203,0
DA:207,0
DA:208,0
DA:211,0
DA:212,0
DA:215,0
DA:216,0
DA:219,0
DA:220,0
DA:223,0
DA:225,0
DA:226,0
DA:229,0
DA:230,0
DA:233,0
DA:234,0
DA:238,0
DA:239,0
DA:240,0
DA:241,0
DA:244,0
DA:248,0
LF:48
LH:0
BRDA:21,0,0,0
BRDA:39,1,0,0
BRDA:44,2,0,0
BRDA:44,2,1,0
BRDA:45,3,0,0
BRDA:45,3,1,0
BRDA:48,4,0,0
BRDA:48,4,1,0
BRDA:63,5,0,0
BRDA:63,5,1,0
BRDA:64,6,0,0
BRDA:64,6,1,0
BRDA:67,7,0,0
BRDA:67,7,1,0
BRDA:81,8,0,0
BRDA:84,9,0,0
BRDA:84,9,1,0
BRDA:179,10,0,0
BRDA:179,10,1,0
BRDA:180,11,0,0
BRDA:180,11,1,0
BRDA:181,12,0,0
BRDA:181,12,1,0
BRDA:182,13,0,0
BRDA:182,13,1,0
BRDA:183,14,0,0
BRDA:183,14,1,0
BRDA:184,15,0,0
BRDA:184,15,1,0
BRDA:185,16,0,0
BRDA:185,16,1,0
BRDA:186,17,0,0
BRDA:186,17,1,0
BRDA:187,18,0,0
BRDA:187,18,1,0
BRDA:202,19,0,0
BRDA:202,19,1,0
BRDA:202,20,0,0
BRDA:202,20,1,0
BRDA:202,20,2,0
BRDA:207,21,0,0
BRDA:207,21,1,0
BRDA:225,22,0,0
BRDA:225,22,1,0
BRDA:229,23,0,0
BRDA:229,23,1,0
BRDA:233,24,0,0
BRDA:233,24,1,0
BRDA:238,25,0,0
BRDA:238,25,1,0
BRDA:240,26,0,0
BRDA:240,26,1,0
BRF:52
BRH:0
end_of_record
TN:
SF:extraction/extractors/requirement_extractor.js
FN:21,(anonymous_0)
FN:39,(anonymous_1)
FN:76,(anonymous_2)
FN:133,(anonymous_3)
FN:156,(anonymous_4)
FN:158,(anonymous_5)
FN:166,(anonymous_6)
FN:172,(anonymous_7)
FN:196,(anonymous_8)
FN:208,(anonymous_9)
FN:214,(anonymous_10)
FN:218,(anonymous_11)
FN:222,(anonymous_12)
FNF:13
FNH:0
FNDA:0,(anonymous_0)
FNDA:0,(anonymous_1)
FNDA:0,(anonymous_2)
FNDA:0,(anonymous_3)
FNDA:0,(anonymous_4)
FNDA:0,(anonymous_5)
FNDA:0,(anonymous_6)
FNDA:0,(anonymous_7)
FNDA:0,(anonymous_8)
FNDA:0,(anonymous_9)
FNDA:0,(anonymous_10)
FNDA:0,(anonymous_11)
FNDA:0,(anonymous_12)
DA:8,0
DA:9,0
DA:10,0
DA:11,0
DA:22,0
DA:41,0
DA:44,0
DA:45,0
DA:48,0
DA:51,0
DA:57,0
DA:60,0
DA:63,0
DA:65,0
DA:77,0
DA:134,0
DA:158,0
DA:159,0
DA:166,0
DA:168,0
DA:170,0
DA:172,0
DA:173,0
DA:177,0
DA:178,0
DA:183,0
DA:198,0
DA:209,0
DA:210,0
DA:214,0
DA:215,0
DA:218,0
DA:219,0
DA:222,0
DA:223,0
DA:224,0
DA:227,0
DA:229,0
DA:230,0
DA:233,0
DA:234,0
DA:238,0
DA:239,0
DA:240,0
DA:241,0
DA:244,0
DA:248,0
LF:47
LH:0
BRDA:21,0,0,0
BRDA:39,1,0,0
BRDA:44,2,0,0
BRDA:44,2,1,0
BRDA:45,3,0,0
BRDA:45,3,1,0
BRDA:60,4,0,0
BRDA:60,4,1,0
BRDA:63,5,0,0
BRDA:63,5,1,0
BRDA:170,6,0,0
BRDA:170,6,1,0
BRDA:173,7,0,0
BRDA:173,7,1,0
BRDA:173,7,2,0
BRDA:177,8,0,0
BRDA:177,8,1,0
BRDA:185,9,0,0
BRDA:185,9,1,0
BRDA:186,10,0,0
BRDA:186,10,1,0
BRDA:187,11,0,0
BRDA:187,11,1,0
BRDA:188,12,0,0
BRDA:188,12,1,0
BRDA:189,13,0,0
BRDA:189,13,1,0
BRDA:190,14,0,0
BRDA:190,14,1,0
BRDA:191,15,0,0
BRDA:191,15,1,0
BRDA:192,16,0,0
BRDA:192,16,1,0
BRDA:193,17,0,0
BRDA:193,17,1,0
BRDA:209,18,0,0
BRDA:209,18,1,0
BRDA:209,19,0,0
BRDA:209,19,1,0
BRDA:209,19,2,0
BRDA:214,20,0,0
BRDA:214,20,1,0
BRDA:223,21,0,0
BRDA:223,21,1,0
BRDA:229,22,0,0
BRDA:229,22,1,0
BRDA:233,23,0,0
BRDA:233,23,1,0
BRDA:238,24,0,0
BRDA:238,24,1,0
BRDA:240,25,0,0
BRDA:240,25,1,0
BRF:52
BRH:0
end_of_record
